<?xml version="1.0" encoding="UTF-8"?>
<testng-results ignored="0" total="5" passed="5" failed="0" skipped="0">
  <reporter-output>
  </reporter-output>
  <suite started-at="2025-03-01T10:57:03 IST" name="Default suite" finished-at="2025-03-01T10:57:17 IST" duration-ms="13668">
    <groups>
    </groups>
    <test started-at="2025-03-01T10:57:03 IST" name="Default test" finished-at="2025-03-01T10:57:17 IST" duration-ms="13668">
      <class name="basicsTestNg.Working_With_threadPoolSize">
        <test-method signature="demo()[pri:0, instance:basicsTestNg.Working_With_threadPoolSize@4466af20]" started-at="2025-03-01T10:57:03 IST" name="demo" finished-at="2025-03-01T10:57:17 IST" duration-ms="13495" status="PASS">
          <reporter-output>
          </reporter-output>
        </test-method> <!-- demo -->
        <test-method signature="demo()[pri:0, instance:basicsTestNg.Working_With_threadPoolSize@4466af20]" started-at="2025-03-01T10:57:03 IST" name="demo" finished-at="2025-03-01T10:57:17 IST" duration-ms="13234" status="PASS">
          <reporter-output>
          </reporter-output>
        </test-method> <!-- demo -->
        <test-method signature="demo()[pri:0, instance:basicsTestNg.Working_With_threadPoolSize@4466af20]" started-at="2025-03-01T10:57:03 IST" name="demo" finished-at="2025-03-01T10:57:17 IST" duration-ms="13628" status="PASS">
          <reporter-output>
          </reporter-output>
        </test-method> <!-- demo -->
        <test-method signature="demo()[pri:0, instance:basicsTestNg.Working_With_threadPoolSize@4466af20]" started-at="2025-03-01T10:57:03 IST" name="demo" finished-at="2025-03-01T10:57:16 IST" duration-ms="13103" status="PASS">
          <reporter-output>
          </reporter-output>
        </test-method> <!-- demo -->
        <test-method signature="demo()[pri:0, instance:basicsTestNg.Working_With_threadPoolSize@4466af20]" started-at="2025-03-01T10:57:03 IST" name="demo" finished-at="2025-03-01T10:57:17 IST" duration-ms="13412" status="PASS">
          <reporter-output>
          </reporter-output>
        </test-method> <!-- demo -->
      </class> <!-- basicsTestNg.Working_With_threadPoolSize -->
    </test> <!-- Default test -->
  </suite> <!-- Default suite -->
</testng-results>
