<?xml version="1.0" encoding="UTF-8"?>
<!-- Generated by org.testng.reporters.JUnitXMLReporter -->
<testsuite ignored="0" hostname="DESKTOP-AB6BR8M" failures="0" tests="3" name="Hi" time="24.748" errors="0" timestamp="2025-03-02T09:36:17 IST">
  <testcase classname="basicsTestNg.Working_With_facebook" name="facebook" time="19.961"/>
  <testcase classname="basicsTestNg.Working_With_flipkart" name="flipkart" time="24.281"/>
  <testcase classname="basicsTestNg.Working_With_bigBasket" name="bigBasket" time="24.716"/>
</testsuite> <!-- Hi -->
