<?xml version="1.0" encoding="UTF-8"?>
<!-- Generated by org.testng.reporters.JUnitXMLReporter -->
<testsuite ignored="2" hostname="DESKTOP-AB6BR8M" failures="0" tests="2" name="Test" time="0.038" errors="0" timestamp="2025-03-02T10:39:09 IST">
  <testcase classname="basicsTestNg.Working_With_groups" name="logOut" time="0.008"/>
  <testcase classname="basicsTestNg.Working_With_groups" name="register" time="0.001"/>
  <testcase classname="basicsTestNg.Working_With_groups" name="login" time="0.0">
    <ignored/>
  </testcase> <!-- login -->
  <testcase classname="basicsTestNg.Working_With_groups" name="delete" time="0.0">
    <ignored/>
  </testcase> <!-- delete -->
</testsuite> <!-- Test -->
