<?xml version="1.0" encoding="UTF-8"?>
<!-- Generated by org.testng.reporters.JUnitXMLReporter -->
<testsuite ignored="0" hostname="DESKTOP-AB6BR8M" failures="0" tests="5" name="Default test" time="13.668" errors="0" timestamp="2025-03-01T10:57:17 IST">
  <testcase classname="basicsTestNg.Working_With_threadPoolSize" name="demo" time="13.103"/>
  <testcase classname="basicsTestNg.Working_With_threadPoolSize" name="demo" time="13.234"/>
  <testcase classname="basicsTestNg.Working_With_threadPoolSize" name="demo" time="13.412"/>
  <testcase classname="basicsTestNg.Working_With_threadPoolSize" name="demo" time="13.495"/>
  <testcase classname="basicsTestNg.Working_With_threadPoolSize" name="demo" time="13.628"/>
</testsuite> <!-- Default test -->
